#
# There is insufficient memory for the Java Runtime Environment to continue.
# Native memory allocation (malloc) failed to allocate 1048576 bytes for AllocateHeap
# Possible reasons:
#   The system is out of physical RAM or swap space
#   In 32 bit mode, the process size limit was hit
# Possible solutions:
#   Reduce memory load on the system
#   Increase physical memory or swap space
#   Check if swap backing store is full
#   Use 64 bit Java on a 64 bit OS
#   Decrease Java heap size (-Xmx/-Xms)
#   Decrease number of Java threads
#   Decrease Java thread stack sizes (-Xss)
#   Set larger code cache with -XX:ReservedCodeCacheSize=
# This output file may be truncated or incomplete.
#
#  Out of Memory Error (memory/allocation.inline.hpp:61), pid=8084, tid=18456
#
# JRE version:  (7.0_45-b18) (build )
# Java VM: Java HotSpot(TM) 64-Bit Server VM (24.45-b08 mixed mode windows-amd64 compressed oops)
# Failed to write core dump. Minidumps are not enabled by default on client versions of Windows
#

---------------  T H R E A D  ---------------

Current thread (0x0000000002afe000):  JavaThread "Unknown thread" [_thread_in_vm, id=18456, stack(0x0000000002970000,0x0000000002a70000)]

Stack: [0x0000000002970000,0x0000000002a70000]

---------------  P R O C E S S  ---------------

Java Threads: ( => current thread )

Other Threads:

=>0x0000000002afe000 (exited) JavaThread "Unknown thread" [_thread_in_vm, id=18456, stack(0x0000000002970000,0x0000000002a70000)]

VM state:not at safepoint (normal execution)

VM Mutex/Monitor currently owned by a thread: None

Heap
 PSYoungGen      total 38400K, used 665K [0x00000007d5e80000, 0x00000007d8900000, 0x0000000800000000)
  eden space 33280K, 2% used [0x00000007d5e80000,0x00000007d5f266d0,0x00000007d7f00000)
  from space 5120K, 0% used [0x00000007d8400000,0x00000007d8400000,0x00000007d8900000)
  to   space 5120K, 0% used [0x00000007d7f00000,0x00000007d7f00000,0x00000007d8400000)
 ParOldGen       total 86016K, used 0K [0x0000000781c00000, 0x0000000787000000, 0x00000007d5e80000)
  object space 86016K, 0% used [0x0000000781c00000,0x0000000781c00000,0x0000000787000000)
 PSPermGen       total 21504K, used 673K [0x000000077ca00000, 0x000000077df00000, 0x0000000781c00000)
  object space 21504K, 3% used [0x000000077ca00000,0x000000077caa8570,0x000000077df00000)

Card table byte_map: [0x0000000005cc0000,0x00000000060e0000] byte_map_base: 0x00000000020db000

Polling page: 0x0000000002570000

Code Cache  [0x0000000002c00000, 0x0000000002e70000, 0x0000000005c00000)
 total_blobs=38 nmethods=0 adapters=20 free_code_cache=48889Kb largest_free_block=50062528

Compilation events (0 events):
No events

GC Heap History (0 events):
No events

Deoptimization events (0 events):
No events

Internal exceptions (0 events):
No events

Events (10 events):
Event: 0.028 loading class 0x0000000002b48fa0
Event: 0.028 loading class 0x0000000002b48fa0 done
Event: 0.028 loading class 0x0000000002b48ff0
Event: 0.028 loading class 0x0000000002b48ff0 done
Event: 0.028 loading class 0x0000000002b49040
Event: 0.028 loading class 0x0000000002b49040 done
Event: 0.029 loading class 0x0000000002b49da0
Event: 0.029 loading class 0x0000000002b49da0 done
Event: 0.029 loading class 0x0000000002b499c0
Event: 0.029 loading class 0x0000000002b499c0 done


Dynamic libraries:
0x00007ff7fde60000 - 0x00007ff7fde93000 	C:\Users\hasee\AppData\Local\MyEclipse Professional 2014\binary\com.sun.java.jdk7.win32.x86_64_1.7.0.u45\bin\javaw.exe
0x00007ff9f8030000 - 0x00007ff9f8211000 	C:\WINDOWS\SYSTEM32\ntdll.dll
0x00007ff9f54c0000 - 0x00007ff9f5571000 	C:\WINDOWS\System32\KERNEL32.DLL
0x00007ff9f46c0000 - 0x00007ff9f4933000 	C:\WINDOWS\System32\KERNELBASE.dll
0x00007ff9f7790000 - 0x00007ff9f7831000 	C:\WINDOWS\System32\ADVAPI32.dll
0x00007ff9f5de0000 - 0x00007ff9f5e7e000 	C:\WINDOWS\System32\msvcrt.dll
0x00007ff9f5a90000 - 0x00007ff9f5aeb000 	C:\WINDOWS\System32\sechost.dll
0x00007ff9f7840000 - 0x00007ff9f7964000 	C:\WINDOWS\System32\RPCRT4.dll
0x00007ff9f7e70000 - 0x00007ff9f8000000 	C:\WINDOWS\System32\USER32.dll
0x00007ff9f4b40000 - 0x00007ff9f4b60000 	C:\WINDOWS\System32\win32u.dll
0x00007ff9f5580000 - 0x00007ff9f55a8000 	C:\WINDOWS\System32\GDI32.dll
0x00007ff9f49a0000 - 0x00007ff9f4b31000 	C:\WINDOWS\System32\gdi32full.dll
0x00007ff9f5320000 - 0x00007ff9f53bf000 	C:\WINDOWS\System32\msvcp_win.dll
0x00007ff9f53c0000 - 0x00007ff9f54b8000 	C:\WINDOWS\System32\ucrtbase.dll
0x00007ff9e71f0000 - 0x00007ff9e7459000 	C:\WINDOWS\WinSxS\amd64_microsoft.windows.common-controls_6595b64144ccf1df_6.0.17134.885_none_fb42a3473065565f\COMCTL32.dll
0x00007ff9f7a40000 - 0x00007ff9f7d62000 	C:\WINDOWS\System32\combase.dll
0x00007ff9f4640000 - 0x00007ff9f46b9000 	C:\WINDOWS\System32\bcryptPrimitives.dll
0x00007ff9f5650000 - 0x00007ff9f567d000 	C:\WINDOWS\System32\IMM32.DLL
0x00000000693d0000 - 0x00000000694a2000 	C:\Users\hasee\AppData\Local\MyEclipse Professional 2014\binary\com.sun.java.jdk7.win32.x86_64_1.7.0.u45\jre\bin\msvcr100.dll
0x0000000068c00000 - 0x00000000693c9000 	C:\Users\hasee\AppData\Local\MyEclipse Professional 2014\binary\com.sun.java.jdk7.win32.x86_64_1.7.0.u45\jre\bin\server\jvm.dll
0x00007ff9f7e60000 - 0x00007ff9f7e68000 	C:\WINDOWS\System32\PSAPI.DLL
0x00007ff9dc9a0000 - 0x00007ff9dc9a9000 	C:\WINDOWS\SYSTEM32\WSOCK32.dll
0x00007ff9ee980000 - 0x00007ff9ee9a3000 	C:\WINDOWS\SYSTEM32\WINMM.dll
0x00007ff9f5d10000 - 0x00007ff9f5d7c000 	C:\WINDOWS\System32\WS2_32.dll
0x00007ff9ee950000 - 0x00007ff9ee97a000 	C:\WINDOWS\SYSTEM32\winmmbase.dll
0x00007ff9f45f0000 - 0x00007ff9f4639000 	C:\WINDOWS\System32\cfgmgr32.dll
0x0000000068bf0000 - 0x0000000068bff000 	C:\Users\hasee\AppData\Local\MyEclipse Professional 2014\binary\com.sun.java.jdk7.win32.x86_64_1.7.0.u45\jre\bin\verify.dll
0x0000000068bc0000 - 0x0000000068be8000 	C:\Users\hasee\AppData\Local\MyEclipse Professional 2014\binary\com.sun.java.jdk7.win32.x86_64_1.7.0.u45\jre\bin\java.dll
0x0000000068ba0000 - 0x0000000068bb5000 	C:\Users\hasee\AppData\Local\MyEclipse Professional 2014\binary\com.sun.java.jdk7.win32.x86_64_1.7.0.u45\jre\bin\zip.dll

VM Arguments:
jvm_args: -Dfile.encoding=GBK 
java_command: pkg.adminmodel
Launcher Type: SUN_STANDARD

Environment Variables:
JAVA_HOME=D:\JDK8
CLASSPATH=.;"D:\JDK8\lib;D:\JDK8\lib\tools.jar";C:\Microsoft JDBC Driver 6.0 for SQL Server\sqljdbc_6.0\chs\jre7\sqljdbc41.jar
PATH=C:\Program Files\Microsoft MPI\Bin\;C:\Windows\system32;C:\Windows;C:\Windows\System32\Wbem;C:\Windows\System32\WindowsPowerShell\v1.0\;C:\Program Files (x86)\NVIDIA Corporation\PhysX\Common;C:\Program Files\Microsoft SQL Server\130\Tools\Binn\;C:\Program Files\dotnet\;C:\Program Files\Anaconda3;C:\Program Files\Anaconda3\Scripts;C:\Program Files\Anaconda3\Library\bin;C:\Program Files (x86)\QuickTime\QTSystem\;C:\WINDOWS\system32;C:\WINDOWS;C:\WINDOWS\System32\Wbem;C:\WINDOWS\System32\WindowsPowerShell\v1.0\;C:\WINDOWS\System32\OpenSSH\;C:\Users\hasee\AppData\Local\Microsoft\WindowsApps;D:\Program Files (x86)\Fiddler2;D:\Program Files (x86)\新建文件夹\TeachStn;C:\Program Files\Intel\WiFi\bin\;C:\Program Files\Common Files\Intel\WirelessCommon\;D:\opencv\build\x86\vc15\bin;D:\opencv\build\x64\vc15\bin;C:\MATLAB7\bin\win32;C:\Program Files\Microsoft SQL Server\Client SDK\ODBC\130\Tools\Binn\;C:\Program Files (x86)\Microsoft SQL Server\130\Tools\Binn\;C:\Program Files\Microsoft SQL Server\130\DTS\Binn\;C:\Program Files (x86)\Microsoft SQL Server\100\Tools\Binn\;C:\Program Files\Microsoft SQL Server\100\Tools\Binn\;C:\Program Files\Microsoft SQL Server\100\DTS\Binn\;C:\Program Files (x86)\Microsoft SQL Server\100\Tools\Binn\VSShell\Common7\IDE\;C:\Program Files (x86)\Microsoft SQL Server\100\DTS\Binn\;C:\Program Files (x86)\Microsoft Visual Studio 9.0\Common7\IDE\PrivateAssemblies\;C:\Program Files\Python36;"D:\JDK8\bin;D:\JDK8\jre\bin";D:\Program Files\IDM Computer Solutions\UltraEdit;C:\Program Files\NVIDIA Corporation\NVIDIA NvDLISR;C:\Microsoft JDBC Driver 6.0 for SQL Server\sqljdbc_6.0\chs\jre7\sqljdbc41.jar;C:\Users\hasee\AppData\Local\Microsoft\WindowsApps;;D:\Program Files (x86)\Fiddler2;C:\Program Files\Intel\WiFi\bin\;C:\Program Files\Common Files\Intel\WirelessCommon\;d:\Program Files\JetBrains\PyCharm 2019.1.3\bin;
USERNAME=hasee
OS=Windows_NT
PROCESSOR_IDENTIFIER=Intel64 Family 6 Model 94 Stepping 3, GenuineIntel



---------------  S Y S T E M  ---------------

OS: Windows 8 , 64 bit Build 9200 

CPU:total 4 (4 cores per cpu, 1 threads per core) family 6 model 94 stepping 3, cmov, cx8, fxsr, mmx, sse, sse2, sse3, ssse3, sse4.1, sse4.2, popcnt, avx, avx2, aes, erms, tsc, tscinvbit

Memory: 4k page, physical 8272204k(1343088k free), swap 18732924k(4476k free)

vm_info: Java HotSpot(TM) 64-Bit Server VM (24.45-b08) for windows-amd64 JRE (1.7.0_45-b18), built on Oct  8 2013 05:47:22 by "java_re" with unknown MS VC++:1600

time: Tue Sep 03 23:31:12 2019
elapsed time: 0 seconds

